  BlackJack.cpp
  Cards.cpp
  Checkers.cpp
  Chess.cpp
  FiveHundredCigarettes.cpp
  Games.cpp
  Hangman.cpp
C:\Users\Administrator\Documents\Creative Works\Programming\ChristmasBreak\WinterBreakGames\ChristmasBreak\Games.cpp(59,10): warning C4477: 'printf' : format string '%d' requires an argument of type 'int', but variadic argument 3 has type 'const _Elem *'
C:\Users\Administrator\Documents\Creative Works\Programming\ChristmasBreak\WinterBreakGames\ChristmasBreak\Games.cpp(59,10): warning C4477:         with
C:\Users\Administrator\Documents\Creative Works\Programming\ChristmasBreak\WinterBreakGames\ChristmasBreak\Games.cpp(59,10): warning C4477:         [
C:\Users\Administrator\Documents\Creative Works\Programming\ChristmasBreak\WinterBreakGames\ChristmasBreak\Games.cpp(59,10): warning C4477:             _Elem=char
C:\Users\Administrator\Documents\Creative Works\Programming\ChristmasBreak\WinterBreakGames\ChristmasBreak\Games.cpp(59,10): warning C4477:         ]
C:\Users\Administrator\Documents\Creative Works\Programming\ChristmasBreak\WinterBreakGames\ChristmasBreak\Games.cpp(59,10): warning C4313: 'printf': '%d' in format string conflicts with argument 3 of type 'const _Elem *'
C:\Users\Administrator\Documents\Creative Works\Programming\ChristmasBreak\WinterBreakGames\ChristmasBreak\Games.cpp(59,10): warning C4313:         with
C:\Users\Administrator\Documents\Creative Works\Programming\ChristmasBreak\WinterBreakGames\ChristmasBreak\Games.cpp(59,10): warning C4313:         [
C:\Users\Administrator\Documents\Creative Works\Programming\ChristmasBreak\WinterBreakGames\ChristmasBreak\Games.cpp(59,10): warning C4313:             _Elem=char
C:\Users\Administrator\Documents\Creative Works\Programming\ChristmasBreak\WinterBreakGames\ChristmasBreak\Games.cpp(59,10): warning C4313:         ]
C:\Users\Administrator\Documents\Creative Works\Programming\ChristmasBreak\WinterBreakGames\ChristmasBreak\Games.cpp(66,9): warning C4477: 'printf' : format string '%s' requires an argument of type 'char *', but variadic argument 1 has type 'std::string'
C:\Users\Administrator\Documents\Creative Works\Programming\ChristmasBreak\WinterBreakGames\ChristmasBreak\Games.cpp(66,9): warning C4477: 'printf' : format string '%s' requires an argument of type 'char *', but variadic argument 2 has type 'std::string'
C:\Users\Administrator\Documents\Creative Works\Programming\ChristmasBreak\WinterBreakGames\ChristmasBreak\Games.cpp(66,9): warning C4477: 'printf' : format string '%s' requires an argument of type 'char *', but variadic argument 3 has type 'std::string'
C:\Users\Administrator\Documents\Creative Works\Programming\ChristmasBreak\WinterBreakGames\ChristmasBreak\Games.cpp(67,31): error C2297: '/': not valid as right operand has type 'std::string [][1]'
C:\Users\Administrator\Documents\Creative Works\Programming\ChristmasBreak\WinterBreakGames\ChristmasBreak\Hangman.cpp(44,15): warning C4267: 'initializing': conversion from 'size_t' to 'int', possible loss of data
C:\Users\Administrator\Documents\Creative Works\Programming\ChristmasBreak\WinterBreakGames\ChristmasBreak\Hangman.cpp(94,20): warning C4267: '=': conversion from 'size_t' to 'int', possible loss of data
C:\Users\Administrator\Documents\Creative Works\Programming\ChristmasBreak\WinterBreakGames\ChristmasBreak\Hangman.cpp(94,66): warning C4267: '=': conversion from 'size_t' to 'int', possible loss of data
  Main.cpp
C:\Users\Administrator\Documents\Creative Works\Programming\ChristmasBreak\WinterBreakGames\ChristmasBreak\Main.cpp(27,15): warning C4244: 'argument': conversion from 'time_t' to 'unsigned int', possible loss of data
  MemoryMatching.cpp
C:\Users\Administrator\Documents\Creative Works\Programming\ChristmasBreak\WinterBreakGames\ChristmasBreak\MemoryMatching.cpp(79,7): error C2535: 'void Card::Reroll(void)': member function already defined or declared
      C:\Users\Administrator\Documents\Creative Works\Programming\ChristmasBreak\WinterBreakGames\ChristmasBreak\MemoryMatching.cpp(31,7):
      see declaration of 'Card::Reroll'
  
C:\Users\Administrator\Documents\Creative Works\Programming\ChristmasBreak\WinterBreakGames\ChristmasBreak\MemoryMatching.cpp(81,7): error C2535: 'void Card::PrintCard(void)': member function already defined or declared
      C:\Users\Administrator\Documents\Creative Works\Programming\ChristmasBreak\WinterBreakGames\ChristmasBreak\MemoryMatching.cpp(61,7):
      see declaration of 'Card::PrintCard'
  
C:\Users\Administrator\Documents\Creative Works\Programming\ChristmasBreak\WinterBreakGames\ChristmasBreak\MemoryMatching.cpp(38,4): error C3861: 'reroll': identifier not found
C:\Users\Administrator\Documents\Creative Works\Programming\ChristmasBreak\WinterBreakGames\ChristmasBreak\MemoryMatching.cpp(41,8): error C2065: 'EndOffset': undeclared identifier
C:\Users\Administrator\Documents\Creative Works\Programming\ChristmasBreak\WinterBreakGames\ChristmasBreak\MemoryMatching.cpp(41,35): error C2065: 'EndOffset': undeclared identifier
C:\Users\Administrator\Documents\Creative Works\Programming\ChristmasBreak\WinterBreakGames\ChristmasBreak\MemoryMatching.cpp(41,61): error C2065: 'EndOffset': undeclared identifier
C:\Users\Administrator\Documents\Creative Works\Programming\ChristmasBreak\WinterBreakGames\ChristmasBreak\MemoryMatching.cpp(41,78): error C2065: 'EndOffset': undeclared identifier
C:\Users\Administrator\Documents\Creative Works\Programming\ChristmasBreak\WinterBreakGames\ChristmasBreak\MemoryMatching.cpp(41,105): error C2065: 'i': undeclared identifier
C:\Users\Administrator\Documents\Creative Works\Programming\ChristmasBreak\WinterBreakGames\ChristmasBreak\MemoryMatching.cpp(43,8): error C2065: 'EndOffset': undeclared identifier
C:\Users\Administrator\Documents\Creative Works\Programming\ChristmasBreak\WinterBreakGames\ChristmasBreak\MemoryMatching.cpp(46,61): error C2065: 'EndOffset': undeclared identifier
C:\Users\Administrator\Documents\Creative Works\Programming\ChristmasBreak\WinterBreakGames\ChristmasBreak\MemoryMatching.cpp(47,18): error C2065: 'EndOffset': undeclared identifier
C:\Users\Administrator\Documents\Creative Works\Programming\ChristmasBreak\WinterBreakGames\ChristmasBreak\MemoryMatching.cpp(53,61): error C2065: 'EndOffset': undeclared identifier
C:\Users\Administrator\Documents\Creative Works\Programming\ChristmasBreak\WinterBreakGames\ChristmasBreak\MemoryMatching.cpp(54,19): error C2065: 'EndOffset': undeclared identifier
C:\Users\Administrator\Documents\Creative Works\Programming\ChristmasBreak\WinterBreakGames\ChristmasBreak\MemoryMatching.cpp(55,5): error C2065: 'EndOffset': undeclared identifier
C:\Users\Administrator\Documents\Creative Works\Programming\ChristmasBreak\WinterBreakGames\ChristmasBreak\MemoryMatching.cpp(63,10): warning C4477: 'printf' : format string '%s' requires an argument of type 'char *', but variadic argument 1 has type 'std::string'
C:\Users\Administrator\Documents\Creative Works\Programming\ChristmasBreak\WinterBreakGames\ChristmasBreak\MemoryMatching.cpp(66,11): warning C4477: 'printf' : format string '%s' requires an argument of type 'char *', but variadic argument 1 has type 'int'
C:\Users\Administrator\Documents\Creative Works\Programming\ChristmasBreak\WinterBreakGames\ChristmasBreak\MemoryMatching.cpp(66,11): warning C4313: 'printf': '%s' in format string conflicts with argument 1 of type 'int'
C:\Users\Administrator\Documents\Creative Works\Programming\ChristmasBreak\WinterBreakGames\ChristmasBreak\MemoryMatching.cpp(68,10): warning C4477: 'printf' : format string '%s' requires an argument of type 'char *', but variadic argument 1 has type 'std::string'
C:\Users\Administrator\Documents\Creative Works\Programming\ChristmasBreak\WinterBreakGames\ChristmasBreak\MemoryMatching.cpp(92,2): error C3861: 'CardIntiation': identifier not found
C:\Users\Administrator\Documents\Creative Works\Programming\ChristmasBreak\WinterBreakGames\ChristmasBreak\MemoryMatching.cpp(95,6): error C2661: 'MemoryMatchingGame': no overloaded function takes 0 arguments
      C:\Users\Administrator\Documents\Creative Works\Programming\ChristmasBreak\WinterBreakGames\ChristmasBreak\MemoryMatching.cpp(95,6):
      while trying to match the argument list '()'
  
C:\Users\Administrator\Documents\Creative Works\Programming\ChristmasBreak\WinterBreakGames\ChristmasBreak\MemoryMatching.cpp(95,30): warning C4805: '==': unsafe mix of type 'void' and type 'bool' in operation
C:\Users\Administrator\Documents\Creative Works\Programming\ChristmasBreak\WinterBreakGames\ChristmasBreak\MemoryMatching.cpp(95,27): error C2186: '==': an operand cannot have type 'void'
C:\Users\Administrator\Documents\Creative Works\Programming\ChristmasBreak\WinterBreakGames\ChristmasBreak\MemoryMatching.cpp(109,9): error C2065: 'Turns': undeclared identifier
C:\Users\Administrator\Documents\Creative Works\Programming\ChristmasBreak\WinterBreakGames\ChristmasBreak\MemoryMatching.cpp(111,3): error C3861: 'CardPresenting': identifier not found
C:\Users\Administrator\Documents\Creative Works\Programming\ChristmasBreak\WinterBreakGames\ChristmasBreak\MemoryMatching.cpp(113,23): error C3861: 'CardPlayerSelection': identifier not found
C:\Users\Administrator\Documents\Creative Works\Programming\ChristmasBreak\WinterBreakGames\ChristmasBreak\MemoryMatching.cpp(115,7): error C3861: 'Compare': identifier not found
C:\Users\Administrator\Documents\Creative Works\Programming\ChristmasBreak\WinterBreakGames\ChristmasBreak\MemoryMatching.cpp(117,4): error C2065: 'Turns': undeclared identifier
C:\Users\Administrator\Documents\Creative Works\Programming\ChristmasBreak\WinterBreakGames\ChristmasBreak\MemoryMatching.cpp(119,7): error C2065: 'CardAmount': undeclared identifier
C:\Users\Administrator\Documents\Creative Works\Programming\ChristmasBreak\WinterBreakGames\ChristmasBreak\MemoryMatching.cpp(133,23): error C2065: 'ArraySize': undeclared identifier
C:\Users\Administrator\Documents\Creative Works\Programming\ChristmasBreak\WinterBreakGames\ChristmasBreak\MemoryMatching.cpp(135,24): error C2065: 'ArraySize': undeclared identifier
C:\Users\Administrator\Documents\Creative Works\Programming\ChristmasBreak\WinterBreakGames\ChristmasBreak\MemoryMatching.cpp(137,17): error C2065: 'Card1': undeclared identifier
C:\Users\Administrator\Documents\Creative Works\Programming\ChristmasBreak\WinterBreakGames\ChristmasBreak\MemoryMatching.cpp(137,11): warning C4473: 'printf' : not enough arguments passed for format string
      C:\Users\Administrator\Documents\Creative Works\Programming\ChristmasBreak\WinterBreakGames\ChristmasBreak\MemoryMatching.cpp(137,11):
      placeholders and their parameters expect 1 variadic arguments, but 0 were provided
      C:\Users\Administrator\Documents\Creative Works\Programming\ChristmasBreak\WinterBreakGames\ChristmasBreak\MemoryMatching.cpp(137,11):
      the missing variadic argument 1 is required by format string '%d'
  
C:\Users\Administrator\Documents\Creative Works\Programming\ChristmasBreak\WinterBreakGames\ChristmasBreak\MemoryMatching.cpp(138,4): error C2065: 'Card1': undeclared identifier
C:\Users\Administrator\Documents\Creative Works\Programming\ChristmasBreak\WinterBreakGames\ChristmasBreak\MemoryMatching.cpp(141,2): error C2143: syntax error: missing ';' before '}'
C:\Users\Administrator\Documents\Creative Works\Programming\ChristmasBreak\WinterBreakGames\ChristmasBreak\MemoryMatching.cpp(167,2): error C2561: 'Compare': function must return a value
      C:\Users\Administrator\Documents\Creative Works\Programming\ChristmasBreak\WinterBreakGames\ChristmasBreak\MemoryMatching.cpp(155,6):
      see declaration of 'Compare'
  
  Menu.cpp
  Minesweeper.cpp
  Music Fiddling.cpp
  Options.cpp
  RandomCategorizedWords.cpp
C:\Users\Administrator\Documents\Creative Works\Programming\ChristmasBreak\WinterBreakGames\ChristmasBreak\RandomCategorizedWords.cpp(28,13): warning C4244: 'argument': conversion from 'time_t' to 'unsigned int', possible loss of data
  Results.cpp
  Snake Game.cpp
  TicTacToe.cpp
  UI Example.cpp
  Video Player.cpp
  Vulkan Example.cpp
  Generating Code...
  Compiling...
  Word Scramble.cpp
  Wordle.cpp
  Generating Code...
